Scenario calculated at 2021-07-10 11:53:37 GMT
Project name: fq_lab
Run name: mentawai
Run number: 000001
Velocity model: mentawai.mod
No. of KL modes: 72
Hurst exponent: 0.4
Corr. length used Lstrike: 96.61 km
Corr. length used Ldip: 30.60 km
Slip std. dev.: 0.900 km
Maximum length Lmax: 273.05 km
Maximum width Wmax: 70.00 km
Effective length Leff: 232.09 km
Effective width Weff: 59.50 km
Target magnitude: Mw 8.5000
Actual magnitude: Mw 8.4509
Hypocenter (lon,lat,z[km]): (100.190469,-3.453152,21.97)
Hypocenter time: 2010-10-25T14:42:12.000000Z
Centroid (lon,lat,z[km]): (100.495776,-3.610843,24.39)
Source time function type: dreger