Scenario calculated at 2021-07-10 11:53:45 GMT
Project name: fq_lab
Run name: mentawai
Run number: 000000
Velocity model: mentawai.mod
No. of KL modes: 72
Hurst exponent: 0.4
Corr. length used Lstrike: 96.61 km
Corr. length used Ldip: 35.36 km
Slip std. dev.: 0.900 km
Maximum length Lmax: 273.04 km
Maximum width Wmax: 84.00 km
Effective length Leff: 232.08 km
Effective width Weff: 71.40 km
Target magnitude: Mw 8.5000
Actual magnitude: Mw 8.4429
Hypocenter (lon,lat,z[km]): (99.716012,-3.330011,17.10)
Hypocenter time: 2010-10-25T14:42:12.000000Z
Centroid (lon,lat,z[km]): (100.038523,-3.675457,18.02)
Source time function type: dreger